{"name":"viewExisting,createProject,editProject,addCollaboratorOnProjects,cloneProject","status":"broken","statusDetails":{"known":false,"muted":false,"flaky":false,"message":"element not interactable\n  (Session info: chrome=124.0.6367.61)\nBuild info: version: '4.17.0', revision: 'e52b1be057*'\nSystem info: os.name: 'Windows 11', os.arch: 'amd64', os.version: '10.0', java.version: '11.0.20'\nDriver info: org.openqa.selenium.chrome.ChromeDriver\nCommand: [a99afed0a4eb8300c29707ffaa2a71ba, sendKeysToElement {value=[Ljava.lang.CharSequence;@a316f6b, id=f.4268A43C00580B74CF3EC8444C5F4344.d.A3A6F425C50EEA1DC8D259E1969F92C0.e.175}]\nCapabilities {acceptInsecureCerts: false, browserName: chrome, browserVersion: 124.0.6367.61, chrome: {chromedriverVersion: 124.0.6367.78 (a087f2dd364d..., userDataDir: C:\\Users\\ASWIN~1.MOO\\AppDat...}, fedcm:accounts: true, goog:chromeOptions: {debuggerAddress: localhost:64110}, networkConnectionEnabled: false, pageLoadStrategy: normal, platformName: windows, proxy: Proxy(), se:cdp: ws://localhost:64110/devtoo..., se:cdpVersion: 124.0.6367.61, setWindowRect: true, strictFileInteractability: false, timeouts: {implicit: 0, pageLoad: 300000, script: 30000}, unhandledPromptBehavior: dismiss and notify, webauthn:extension:credBlob: true, webauthn:extension:largeBlob: true, webauthn:extension:minPinLength: true, webauthn:extension:prf: true, webauthn:virtualAuthenticators: true}\nElement: [[ChromeDriver: chrome on windows (a99afed0a4eb8300c29707ffaa2a71ba)] -> xpath: //input[contains(@class,'MuiInputBase')]]\nSession ID: a99afed0a4eb8300c29707ffaa2a71ba","trace":"org.openqa.selenium.ElementNotInteractableException: element not interactable\n  (Session info: chrome=124.0.6367.61)\nBuild info: version: '4.17.0', revision: 'e52b1be057*'\nSystem info: os.name: 'Windows 11', os.arch: 'amd64', os.version: '10.0', java.version: '11.0.20'\nDriver info: org.openqa.selenium.chrome.ChromeDriver\nCommand: [a99afed0a4eb8300c29707ffaa2a71ba, sendKeysToElement {value=[Ljava.lang.CharSequence;@a316f6b, id=f.4268A43C00580B74CF3EC8444C5F4344.d.A3A6F425C50EEA1DC8D259E1969F92C0.e.175}]\nCapabilities {acceptInsecureCerts: false, browserName: chrome, browserVersion: 124.0.6367.61, chrome: {chromedriverVersion: 124.0.6367.78 (a087f2dd364d..., userDataDir: C:\\Users\\ASWIN~1.MOO\\AppDat...}, fedcm:accounts: true, goog:chromeOptions: {debuggerAddress: localhost:64110}, networkConnectionEnabled: false, pageLoadStrategy: normal, platformName: windows, proxy: Proxy(), se:cdp: ws://localhost:64110/devtoo..., se:cdpVersion: 124.0.6367.61, setWindowRect: true, strictFileInteractability: false, timeouts: {implicit: 0, pageLoad: 300000, script: 30000}, unhandledPromptBehavior: dismiss and notify, webauthn:extension:credBlob: true, webauthn:extension:largeBlob: true, webauthn:extension:minPinLength: true, webauthn:extension:prf: true, webauthn:virtualAuthenticators: true}\nElement: [[ChromeDriver: chrome on windows (a99afed0a4eb8300c29707ffaa2a71ba)] -> xpath: //input[contains(@class,'MuiInputBase')]]\nSession ID: a99afed0a4eb8300c29707ffaa2a71ba\r\n\tat java.base/jdk.internal.reflect.NativeConstructorAccessorImpl.newInstance0(Native Method)\r\n\tat java.base/jdk.internal.reflect.NativeConstructorAccessorImpl.newInstance(NativeConstructorAccessorImpl.java:62)\r\n\tat java.base/jdk.internal.reflect.DelegatingConstructorAccessorImpl.newInstance(DelegatingConstructorAccessorImpl.java:45)\r\n\tat java.base/java.lang.reflect.Constructor.newInstance(Constructor.java:490)\r\n\tat org.openqa.selenium.remote.codec.w3c.W3CHttpResponseCodec.createException(W3CHttpResponseCodec.java:185)\r\n\tat org.openqa.selenium.remote.codec.w3c.W3CHttpResponseCodec.decode(W3CHttpResponseCodec.java:134)\r\n\tat org.openqa.selenium.remote.codec.w3c.W3CHttpResponseCodec.decode(W3CHttpResponseCodec.java:51)\r\n\tat org.openqa.selenium.remote.HttpCommandExecutor.execute(HttpCommandExecutor.java:190)\r\n\tat org.openqa.selenium.remote.service.DriverCommandExecutor.invokeExecute(DriverCommandExecutor.java:216)\r\n\tat org.openqa.selenium.remote.service.DriverCommandExecutor.execute(DriverCommandExecutor.java:174)\r\n\tat org.openqa.selenium.remote.RemoteWebDriver.execute(RemoteWebDriver.java:519)\r\n\tat org.openqa.selenium.remote.RemoteWebElement.execute(RemoteWebElement.java:223)\r\n\tat org.openqa.selenium.remote.RemoteWebElement.sendKeys(RemoteWebElement.java:110)\r\n\tat jdk.internal.reflect.GeneratedMethodAccessor1.invoke(Unknown Source)\r\n\tat java.base/jdk.internal.reflect.DelegatingMethodAccessorImpl.invoke(DelegatingMethodAccessorImpl.java:43)\r\n\tat java.base/java.lang.reflect.Method.invoke(Method.java:566)\r\n\tat org.openqa.selenium.support.pagefactory.internal.LocatingElementHandler.invoke(LocatingElementHandler.java:51)\r\n\tat com.sun.proxy.$Proxy20.sendKeys(Unknown Source)\r\n\tat com.utils.Baseclass.passText(Baseclass.java:68)\r\n\tat com.pageobject.MyProjects.searchFilter(MyProjects.java:314)\r\n\tat com.stepDefinitions.MyProjectsStepDefinition.the_copy_should_appear_in_the_projects_list(MyProjectsStepDefinition.java:137)\r\n\tat ✽.the copy should appear in the projects list(file:///C:/Users/aswin.moorthy/Automation/PNLP_E2E/src/test/resources/features/PNLP_MyProjects.feature:37)\r\n"},"stage":"finished","steps":[{"name":"Given  User lauch the PharmaNLP application","status":"passed","statusDetails":{"known":false,"muted":false,"flaky":false},"stage":"finished","steps":[],"attachments":[],"parameters":[],"start":1714020310090,"stop":1714020316626},{"name":"Then  The logo should occur","status":"passed","statusDetails":{"known":false,"muted":false,"flaky":false},"stage":"finished","steps":[],"attachments":[],"parameters":[],"start":1714020316627,"stop":1714020317973},{"name":"When  User login with valid username and password","status":"passed","statusDetails":{"known":false,"muted":false,"flaky":false},"stage":"finished","steps":[],"attachments":[],"parameters":[],"start":1714020317974,"stop":1714020321846},{"name":"Given  the user is on the My Projects page","status":"passed","statusDetails":{"known":false,"muted":false,"flaky":false},"stage":"finished","steps":[],"attachments":[],"parameters":[],"start":1714020321846,"stop":1714020325096},{"name":"Then  the user should see a list of existing projects","status":"passed","statusDetails":{"known":false,"muted":false,"flaky":false},"stage":"finished","steps":[],"attachments":[],"parameters":[],"start":1714020325096,"stop":1714020326286},{"name":"And  click on Add Project button","status":"passed","statusDetails":{"known":false,"muted":false,"flaky":false},"stage":"finished","steps":[],"attachments":[],"parameters":[],"start":1714020326286,"stop":1714020326534},{"name":"Given  the user is on the Create Project screen","status":"passed","statusDetails":{"known":false,"muted":false,"flaky":false},"stage":"finished","steps":[],"attachments":[],"parameters":[],"start":1714020326534,"stop":1714020328306},{"name":"When  the user fills in all required fields with valid data","status":"passed","statusDetails":{"known":false,"muted":false,"flaky":false},"stage":"finished","steps":[],"attachments":[],"parameters":[],"start":1714020328306,"stop":1714020330373},{"name":"And  clicks on the create button","status":"passed","statusDetails":{"known":false,"muted":false,"flaky":false},"stage":"finished","steps":[],"attachments":[],"parameters":[],"start":1714020330373,"stop":1714020330635},{"name":"Then  the project should be successfully saved","status":"passed","statusDetails":{"known":false,"muted":false,"flaky":false},"stage":"finished","steps":[],"attachments":[],"parameters":[],"start":1714020330635,"stop":1714020337156},{"name":"And  the user should be redirected to the My Projects page","status":"passed","statusDetails":{"known":false,"muted":false,"flaky":false},"stage":"finished","steps":[],"attachments":[],"parameters":[],"start":1714020337156,"stop":1714020337246},{"name":"And  the new project should be visible in the projects list","status":"passed","statusDetails":{"known":false,"muted":false,"flaky":false},"stage":"finished","steps":[],"attachments":[],"parameters":[],"start":1714020337246,"stop":1714020337346},{"name":"Given  the user is on the My Projects page","status":"passed","statusDetails":{"known":false,"muted":false,"flaky":false},"stage":"finished","steps":[],"attachments":[],"parameters":[],"start":1714020337346,"stop":1714020337460},{"name":"And  clicks on the edit button for the selected project","status":"passed","statusDetails":{"known":false,"muted":false,"flaky":false},"stage":"finished","steps":[],"attachments":[],"parameters":[],"start":1714020337460,"stop":1714020337716},{"name":"When  the user navigates to the Edit Project screen and modifies the project details with valid data","status":"passed","statusDetails":{"known":false,"muted":false,"flaky":false},"stage":"finished","steps":[],"attachments":[],"parameters":[],"start":1714020337716,"stop":1714020341278},{"name":"And  clicks on the save changes button","status":"passed","statusDetails":{"known":false,"muted":false,"flaky":false},"stage":"finished","steps":[],"attachments":[],"parameters":[],"start":1714020341278,"stop":1714020341516},{"name":"Then  the project should be successfully updated","status":"passed","statusDetails":{"known":false,"muted":false,"flaky":false},"stage":"finished","steps":[],"attachments":[],"parameters":[],"start":1714020341516,"stop":1714020342977},{"name":"Given  the user is on the My Projects screen","status":"passed","statusDetails":{"known":false,"muted":false,"flaky":false},"stage":"finished","steps":[],"attachments":[],"parameters":[],"start":1714020342977,"stop":1714020348061},{"name":"When  the user selects a project to Add collaborators","status":"passed","statusDetails":{"known":false,"muted":false,"flaky":false},"stage":"finished","steps":[],"attachments":[],"parameters":[],"start":1714020348061,"stop":1714020348337},{"name":"And  makes changes to the collaborators list","status":"passed","statusDetails":{"known":false,"muted":false,"flaky":false},"stage":"finished","steps":[],"attachments":[],"parameters":[],"start":1714020348338,"stop":1714020349410},{"name":"And  clicks on the Save button","status":"passed","statusDetails":{"known":false,"muted":false,"flaky":false},"stage":"finished","steps":[],"attachments":[],"parameters":[],"start":1714020349410,"stop":1714020349629},{"name":"Then  the collaborators for the project should be successfully updated","status":"passed","statusDetails":{"known":false,"muted":false,"flaky":false},"stage":"finished","steps":[],"attachments":[],"parameters":[],"start":1714020349636,"stop":1714020355924},{"name":"When  the user selects a project to Clone and clicks the clone project","status":"passed","statusDetails":{"known":false,"muted":false,"flaky":false},"stage":"finished","steps":[],"attachments":[],"parameters":[],"start":1714020355925,"stop":1714020357779},{"name":"Then  a copy of the project should be created","status":"passed","statusDetails":{"known":false,"muted":false,"flaky":false},"stage":"finished","steps":[],"attachments":[],"parameters":[],"start":1714020357779,"stop":1714020358859},{"name":"And  the copy should appear in the projects list","status":"broken","statusDetails":{"known":false,"muted":false,"flaky":false,"message":"element not interactable\n  (Session info: chrome=124.0.6367.61)\nBuild info: version: '4.17.0', revision: 'e52b1be057*'\nSystem info: os.name: 'Windows 11', os.arch: 'amd64', os.version: '10.0', java.version: '11.0.20'\nDriver info: org.openqa.selenium.chrome.ChromeDriver\nCommand: [a99afed0a4eb8300c29707ffaa2a71ba, sendKeysToElement {value=[Ljava.lang.CharSequence;@a316f6b, id=f.4268A43C00580B74CF3EC8444C5F4344.d.A3A6F425C50EEA1DC8D259E1969F92C0.e.175}]\nCapabilities {acceptInsecureCerts: false, browserName: chrome, browserVersion: 124.0.6367.61, chrome: {chromedriverVersion: 124.0.6367.78 (a087f2dd364d..., userDataDir: C:\\Users\\ASWIN~1.MOO\\AppDat...}, fedcm:accounts: true, goog:chromeOptions: {debuggerAddress: localhost:64110}, networkConnectionEnabled: false, pageLoadStrategy: normal, platformName: windows, proxy: Proxy(), se:cdp: ws://localhost:64110/devtoo..., se:cdpVersion: 124.0.6367.61, setWindowRect: true, strictFileInteractability: false, timeouts: {implicit: 0, pageLoad: 300000, script: 30000}, unhandledPromptBehavior: dismiss and notify, webauthn:extension:credBlob: true, webauthn:extension:largeBlob: true, webauthn:extension:minPinLength: true, webauthn:extension:prf: true, webauthn:virtualAuthenticators: true}\nElement: [[ChromeDriver: chrome on windows (a99afed0a4eb8300c29707ffaa2a71ba)] -> xpath: //input[contains(@class,'MuiInputBase')]]\nSession ID: a99afed0a4eb8300c29707ffaa2a71ba","trace":"org.openqa.selenium.ElementNotInteractableException: element not interactable\n  (Session info: chrome=124.0.6367.61)\nBuild info: version: '4.17.0', revision: 'e52b1be057*'\nSystem info: os.name: 'Windows 11', os.arch: 'amd64', os.version: '10.0', java.version: '11.0.20'\nDriver info: org.openqa.selenium.chrome.ChromeDriver\nCommand: [a99afed0a4eb8300c29707ffaa2a71ba, sendKeysToElement {value=[Ljava.lang.CharSequence;@a316f6b, id=f.4268A43C00580B74CF3EC8444C5F4344.d.A3A6F425C50EEA1DC8D259E1969F92C0.e.175}]\nCapabilities {acceptInsecureCerts: false, browserName: chrome, browserVersion: 124.0.6367.61, chrome: {chromedriverVersion: 124.0.6367.78 (a087f2dd364d..., userDataDir: C:\\Users\\ASWIN~1.MOO\\AppDat...}, fedcm:accounts: true, goog:chromeOptions: {debuggerAddress: localhost:64110}, networkConnectionEnabled: false, pageLoadStrategy: normal, platformName: windows, proxy: Proxy(), se:cdp: ws://localhost:64110/devtoo..., se:cdpVersion: 124.0.6367.61, setWindowRect: true, strictFileInteractability: false, timeouts: {implicit: 0, pageLoad: 300000, script: 30000}, unhandledPromptBehavior: dismiss and notify, webauthn:extension:credBlob: true, webauthn:extension:largeBlob: true, webauthn:extension:minPinLength: true, webauthn:extension:prf: true, webauthn:virtualAuthenticators: true}\nElement: [[ChromeDriver: chrome on windows (a99afed0a4eb8300c29707ffaa2a71ba)] -> xpath: //input[contains(@class,'MuiInputBase')]]\nSession ID: a99afed0a4eb8300c29707ffaa2a71ba\r\n\tat java.base/jdk.internal.reflect.NativeConstructorAccessorImpl.newInstance0(Native Method)\r\n\tat java.base/jdk.internal.reflect.NativeConstructorAccessorImpl.newInstance(NativeConstructorAccessorImpl.java:62)\r\n\tat java.base/jdk.internal.reflect.DelegatingConstructorAccessorImpl.newInstance(DelegatingConstructorAccessorImpl.java:45)\r\n\tat java.base/java.lang.reflect.Constructor.newInstance(Constructor.java:490)\r\n\tat org.openqa.selenium.remote.codec.w3c.W3CHttpResponseCodec.createException(W3CHttpResponseCodec.java:185)\r\n\tat org.openqa.selenium.remote.codec.w3c.W3CHttpResponseCodec.decode(W3CHttpResponseCodec.java:134)\r\n\tat org.openqa.selenium.remote.codec.w3c.W3CHttpResponseCodec.decode(W3CHttpResponseCodec.java:51)\r\n\tat org.openqa.selenium.remote.HttpCommandExecutor.execute(HttpCommandExecutor.java:190)\r\n\tat org.openqa.selenium.remote.service.DriverCommandExecutor.invokeExecute(DriverCommandExecutor.java:216)\r\n\tat org.openqa.selenium.remote.service.DriverCommandExecutor.execute(DriverCommandExecutor.java:174)\r\n\tat org.openqa.selenium.remote.RemoteWebDriver.execute(RemoteWebDriver.java:519)\r\n\tat org.openqa.selenium.remote.RemoteWebElement.execute(RemoteWebElement.java:223)\r\n\tat org.openqa.selenium.remote.RemoteWebElement.sendKeys(RemoteWebElement.java:110)\r\n\tat jdk.internal.reflect.GeneratedMethodAccessor1.invoke(Unknown Source)\r\n\tat java.base/jdk.internal.reflect.DelegatingMethodAccessorImpl.invoke(DelegatingMethodAccessorImpl.java:43)\r\n\tat java.base/java.lang.reflect.Method.invoke(Method.java:566)\r\n\tat org.openqa.selenium.support.pagefactory.internal.LocatingElementHandler.invoke(LocatingElementHandler.java:51)\r\n\tat com.sun.proxy.$Proxy20.sendKeys(Unknown Source)\r\n\tat com.utils.Baseclass.passText(Baseclass.java:68)\r\n\tat com.pageobject.MyProjects.searchFilter(MyProjects.java:314)\r\n\tat com.stepDefinitions.MyProjectsStepDefinition.the_copy_should_appear_in_the_projects_list(MyProjectsStepDefinition.java:137)\r\n\tat ✽.the copy should appear in the projects list(file:///C:/Users/aswin.moorthy/Automation/PNLP_E2E/src/test/resources/features/PNLP_MyProjects.feature:37)\r\n"},"stage":"finished","steps":[],"attachments":[],"parameters":[],"start":1714020358859,"stop":1714020359196}],"attachments":[],"parameters":[],"start":1714020304084,"stop":1714020359216,"uuid":"57a6a80d-0344-4a58-8cfd-5662c2bb1ff7","historyId":"d43d8d0ec343d28975f1938f642010a4","fullName":"Project Management in My Projects Page: viewExisting,createProject,editProject,addCollaboratorOnProjects,cloneProject","labels":[{"name":"tag","value":"Myprojects"},{"name":"host","value":"CS-LP-923"},{"name":"thread","value":"980@CS-LP-923.main(1)"},{"name":"feature","value":"Project Management in My Projects Page"},{"name":"story","value":"viewExisting,createProject,editProject,addCollaboratorOnProjects,cloneProject"},{"name":"suite","value":"Project Management in My Projects Page"},{"name":"testClass","value":"viewExisting,createProject,editProject,addCollaboratorOnProjects,cloneProject"},{"name":"framework","value":"cucumber4jvm"},{"name":"language","value":"java"},{"name":"gherkin_uri","value":"file:///C:/Users/aswin.moorthy/Automation/PNLP_E2E/src/test/resources/features/PNLP_MyProjects.feature"},{"name":"package","value":"src.test.resources.features.PNLP_MyProjects_feature.Project Management in My Projects Page"}],"links":[]}