{"name":"View Existing,Create,edit,Add Collaborator Projects","status":"broken","statusDetails":{"known":false,"muted":false,"flaky":false,"message":"element not interactable\n  (Session info: chrome=124.0.6367.60)\nBuild info: version: '4.17.0', revision: 'e52b1be057*'\nSystem info: os.name: 'Windows 11', os.arch: 'amd64', os.version: '10.0', java.version: '11.0.20'\nDriver info: org.openqa.selenium.chrome.ChromeDriver\nCommand: [b02faa5f68c7ded3864e07e4b24be4ac, sendKeysToElement {value=[Ljava.lang.CharSequence;@6a8a551e, id=f.EFF3AA1611F350D76E1C747F7408E24F.d.363CFEECD2FB771B15DCCEA742158B62.e.236}]\nCapabilities {acceptInsecureCerts: false, browserName: chrome, browserVersion: 124.0.6367.60, chrome: {chromedriverVersion: 124.0.6367.60 (8771130bd84f..., userDataDir: C:\\Users\\ASWIN~1.MOO\\AppDat...}, fedcm:accounts: true, goog:chromeOptions: {debuggerAddress: localhost:64347}, networkConnectionEnabled: false, pageLoadStrategy: normal, platformName: windows, proxy: Proxy(), se:cdp: ws://localhost:64347/devtoo..., se:cdpVersion: 124.0.6367.60, setWindowRect: true, strictFileInteractability: false, timeouts: {implicit: 0, pageLoad: 300000, script: 30000}, unhandledPromptBehavior: dismiss and notify, webauthn:extension:credBlob: true, webauthn:extension:largeBlob: true, webauthn:extension:minPinLength: true, webauthn:extension:prf: true, webauthn:virtualAuthenticators: true}\nElement: [[ChromeDriver: chrome on windows (b02faa5f68c7ded3864e07e4b24be4ac)] -> xpath: (//div[contains(@class,'MuiFormControl-root MuiFormControl-fullWidth')]//div)[3]]\nSession ID: b02faa5f68c7ded3864e07e4b24be4ac","trace":"org.openqa.selenium.ElementNotInteractableException: element not interactable\n  (Session info: chrome=124.0.6367.60)\nBuild info: version: '4.17.0', revision: 'e52b1be057*'\nSystem info: os.name: 'Windows 11', os.arch: 'amd64', os.version: '10.0', java.version: '11.0.20'\nDriver info: org.openqa.selenium.chrome.ChromeDriver\nCommand: [b02faa5f68c7ded3864e07e4b24be4ac, sendKeysToElement {value=[Ljava.lang.CharSequence;@6a8a551e, id=f.EFF3AA1611F350D76E1C747F7408E24F.d.363CFEECD2FB771B15DCCEA742158B62.e.236}]\nCapabilities {acceptInsecureCerts: false, browserName: chrome, browserVersion: 124.0.6367.60, chrome: {chromedriverVersion: 124.0.6367.60 (8771130bd84f..., userDataDir: C:\\Users\\ASWIN~1.MOO\\AppDat...}, fedcm:accounts: true, goog:chromeOptions: {debuggerAddress: localhost:64347}, networkConnectionEnabled: false, pageLoadStrategy: normal, platformName: windows, proxy: Proxy(), se:cdp: ws://localhost:64347/devtoo..., se:cdpVersion: 124.0.6367.60, setWindowRect: true, strictFileInteractability: false, timeouts: {implicit: 0, pageLoad: 300000, script: 30000}, unhandledPromptBehavior: dismiss and notify, webauthn:extension:credBlob: true, webauthn:extension:largeBlob: true, webauthn:extension:minPinLength: true, webauthn:extension:prf: true, webauthn:virtualAuthenticators: true}\nElement: [[ChromeDriver: chrome on windows (b02faa5f68c7ded3864e07e4b24be4ac)] -> xpath: (//div[contains(@class,'MuiFormControl-root MuiFormControl-fullWidth')]//div)[3]]\nSession ID: b02faa5f68c7ded3864e07e4b24be4ac\r\n\tat java.base/jdk.internal.reflect.NativeConstructorAccessorImpl.newInstance0(Native Method)\r\n\tat java.base/jdk.internal.reflect.NativeConstructorAccessorImpl.newInstance(NativeConstructorAccessorImpl.java:62)\r\n\tat java.base/jdk.internal.reflect.DelegatingConstructorAccessorImpl.newInstance(DelegatingConstructorAccessorImpl.java:45)\r\n\tat java.base/java.lang.reflect.Constructor.newInstance(Constructor.java:490)\r\n\tat org.openqa.selenium.remote.codec.w3c.W3CHttpResponseCodec.createException(W3CHttpResponseCodec.java:185)\r\n\tat org.openqa.selenium.remote.codec.w3c.W3CHttpResponseCodec.decode(W3CHttpResponseCodec.java:134)\r\n\tat org.openqa.selenium.remote.codec.w3c.W3CHttpResponseCodec.decode(W3CHttpResponseCodec.java:51)\r\n\tat org.openqa.selenium.remote.HttpCommandExecutor.execute(HttpCommandExecutor.java:190)\r\n\tat org.openqa.selenium.remote.service.DriverCommandExecutor.invokeExecute(DriverCommandExecutor.java:216)\r\n\tat org.openqa.selenium.remote.service.DriverCommandExecutor.execute(DriverCommandExecutor.java:174)\r\n\tat org.openqa.selenium.remote.RemoteWebDriver.execute(RemoteWebDriver.java:519)\r\n\tat org.openqa.selenium.remote.RemoteWebElement.execute(RemoteWebElement.java:223)\r\n\tat org.openqa.selenium.remote.RemoteWebElement.sendKeys(RemoteWebElement.java:110)\r\n\tat jdk.internal.reflect.GeneratedMethodAccessor1.invoke(Unknown Source)\r\n\tat java.base/jdk.internal.reflect.DelegatingMethodAccessorImpl.invoke(DelegatingMethodAccessorImpl.java:43)\r\n\tat java.base/java.lang.reflect.Method.invoke(Method.java:566)\r\n\tat org.openqa.selenium.support.pagefactory.internal.LocatingElementHandler.invoke(LocatingElementHandler.java:51)\r\n\tat com.sun.proxy.$Proxy19.sendKeys(Unknown Source)\r\n\tat com.utils.Baseclass.passText(Baseclass.java:65)\r\n\tat com.pageobject.MyProjects.duplicateProjectName(MyProjects.java:293)\r\n\tat com.stepDefinitions.MyProjectsStepDefinition.the_user_selects_a_project_to_clone_and_clicks_the_clone_project(MyProjectsStepDefinition.java:124)\r\n\tat ✽.the user selects a project to Clone and clicks the clone project(file:///C:/Users/aswin.moorthy/Automation/PNLP_E2E/src/test/resources/features/PNLP_MyProjects.feature:35)\r\n"},"stage":"finished","steps":[{"name":"Given  User lauch the PharmaNLP application","status":"passed","statusDetails":{"known":false,"muted":false,"flaky":false},"stage":"finished","steps":[],"attachments":[],"parameters":[],"start":1713873791914,"stop":1713873800005},{"name":"Then  The logo should occur","status":"passed","statusDetails":{"known":false,"muted":false,"flaky":false},"stage":"finished","steps":[],"attachments":[],"parameters":[],"start":1713873800005,"stop":1713873801257},{"name":"When  User login with valid username and password","status":"passed","statusDetails":{"known":false,"muted":false,"flaky":false},"stage":"finished","steps":[],"attachments":[],"parameters":[],"start":1713873801258,"stop":1713873804987},{"name":"Given  the user is on the My Projects page","status":"passed","statusDetails":{"known":false,"muted":false,"flaky":false},"stage":"finished","steps":[],"attachments":[],"parameters":[],"start":1713873804987,"stop":1713873808818},{"name":"Then  the user should see a list of existing projects","status":"passed","statusDetails":{"known":false,"muted":false,"flaky":false},"stage":"finished","steps":[],"attachments":[],"parameters":[],"start":1713873808818,"stop":1713873809437},{"name":"And  click on Add Project button","status":"passed","statusDetails":{"known":false,"muted":false,"flaky":false},"stage":"finished","steps":[],"attachments":[],"parameters":[],"start":1713873809437,"stop":1713873809612},{"name":"Given  the user is on the Create Project screen","status":"passed","statusDetails":{"known":false,"muted":false,"flaky":false},"stage":"finished","steps":[],"attachments":[],"parameters":[],"start":1713873809617,"stop":1713873812057},{"name":"When  the user fills in all required fields with valid data","status":"passed","statusDetails":{"known":false,"muted":false,"flaky":false},"stage":"finished","steps":[],"attachments":[],"parameters":[],"start":1713873812057,"stop":1713873814554},{"name":"And  clicks on the create button","status":"passed","statusDetails":{"known":false,"muted":false,"flaky":false},"stage":"finished","steps":[],"attachments":[],"parameters":[],"start":1713873814555,"stop":1713873814772},{"name":"Then  the project should be successfully saved","status":"passed","statusDetails":{"known":false,"muted":false,"flaky":false},"stage":"finished","steps":[],"attachments":[],"parameters":[],"start":1713873814772,"stop":1713873821467},{"name":"And  the user should be redirected to the My Projects page","status":"passed","statusDetails":{"known":false,"muted":false,"flaky":false},"stage":"finished","steps":[],"attachments":[],"parameters":[],"start":1713873821467,"stop":1713873821547},{"name":"And  the new project should be visible in the projects list","status":"passed","statusDetails":{"known":false,"muted":false,"flaky":false},"stage":"finished","steps":[],"attachments":[],"parameters":[],"start":1713873821547,"stop":1713873821637},{"name":"Given  the user is on the My Projects page","status":"passed","statusDetails":{"known":false,"muted":false,"flaky":false},"stage":"finished","steps":[],"attachments":[],"parameters":[],"start":1713873821637,"stop":1713873821731},{"name":"And  clicks on the edit button for the selected project","status":"passed","statusDetails":{"known":false,"muted":false,"flaky":false},"stage":"finished","steps":[],"attachments":[],"parameters":[],"start":1713873821731,"stop":1713873821958},{"name":"When  the user navigates to the Edit Project screen and modifies the project details with valid data","status":"passed","statusDetails":{"known":false,"muted":false,"flaky":false},"stage":"finished","steps":[],"attachments":[],"parameters":[],"start":1713873821958,"stop":1713873826157},{"name":"And  clicks on the save changes button","status":"passed","statusDetails":{"known":false,"muted":false,"flaky":false},"stage":"finished","steps":[],"attachments":[],"parameters":[],"start":1713873826157,"stop":1713873826491},{"name":"Then  the project should be successfully updated","status":"passed","statusDetails":{"known":false,"muted":false,"flaky":false},"stage":"finished","steps":[],"attachments":[],"parameters":[],"start":1713873826491,"stop":1713873828446},{"name":"Given  the user is on the My Projects screen","status":"passed","statusDetails":{"known":false,"muted":false,"flaky":false},"stage":"finished","steps":[],"attachments":[],"parameters":[],"start":1713873828446,"stop":1713873833557},{"name":"When  the user selects a project to Add collaborators","status":"passed","statusDetails":{"known":false,"muted":false,"flaky":false},"stage":"finished","steps":[],"attachments":[],"parameters":[],"start":1713873833557,"stop":1713873833829},{"name":"And  makes changes to the collaborators list","status":"passed","statusDetails":{"known":false,"muted":false,"flaky":false},"stage":"finished","steps":[],"attachments":[],"parameters":[],"start":1713873833829,"stop":1713873835628},{"name":"And  clicks on the Save button","status":"passed","statusDetails":{"known":false,"muted":false,"flaky":false},"stage":"finished","steps":[],"attachments":[],"parameters":[],"start":1713873835628,"stop":1713873835809},{"name":"Then  the collaborators for the project should be successfully updated","status":"passed","statusDetails":{"known":false,"muted":false,"flaky":false},"stage":"finished","steps":[],"attachments":[],"parameters":[],"start":1713873835809,"stop":1713873842667},{"name":"When  the user selects a project to Clone and clicks the clone project","status":"broken","statusDetails":{"known":false,"muted":false,"flaky":false,"message":"element not interactable\n  (Session info: chrome=124.0.6367.60)\nBuild info: version: '4.17.0', revision: 'e52b1be057*'\nSystem info: os.name: 'Windows 11', os.arch: 'amd64', os.version: '10.0', java.version: '11.0.20'\nDriver info: org.openqa.selenium.chrome.ChromeDriver\nCommand: [b02faa5f68c7ded3864e07e4b24be4ac, sendKeysToElement {value=[Ljava.lang.CharSequence;@6a8a551e, id=f.EFF3AA1611F350D76E1C747F7408E24F.d.363CFEECD2FB771B15DCCEA742158B62.e.236}]\nCapabilities {acceptInsecureCerts: false, browserName: chrome, browserVersion: 124.0.6367.60, chrome: {chromedriverVersion: 124.0.6367.60 (8771130bd84f..., userDataDir: C:\\Users\\ASWIN~1.MOO\\AppDat...}, fedcm:accounts: true, goog:chromeOptions: {debuggerAddress: localhost:64347}, networkConnectionEnabled: false, pageLoadStrategy: normal, platformName: windows, proxy: Proxy(), se:cdp: ws://localhost:64347/devtoo..., se:cdpVersion: 124.0.6367.60, setWindowRect: true, strictFileInteractability: false, timeouts: {implicit: 0, pageLoad: 300000, script: 30000}, unhandledPromptBehavior: dismiss and notify, webauthn:extension:credBlob: true, webauthn:extension:largeBlob: true, webauthn:extension:minPinLength: true, webauthn:extension:prf: true, webauthn:virtualAuthenticators: true}\nElement: [[ChromeDriver: chrome on windows (b02faa5f68c7ded3864e07e4b24be4ac)] -> xpath: (//div[contains(@class,'MuiFormControl-root MuiFormControl-fullWidth')]//div)[3]]\nSession ID: b02faa5f68c7ded3864e07e4b24be4ac","trace":"org.openqa.selenium.ElementNotInteractableException: element not interactable\n  (Session info: chrome=124.0.6367.60)\nBuild info: version: '4.17.0', revision: 'e52b1be057*'\nSystem info: os.name: 'Windows 11', os.arch: 'amd64', os.version: '10.0', java.version: '11.0.20'\nDriver info: org.openqa.selenium.chrome.ChromeDriver\nCommand: [b02faa5f68c7ded3864e07e4b24be4ac, sendKeysToElement {value=[Ljava.lang.CharSequence;@6a8a551e, id=f.EFF3AA1611F350D76E1C747F7408E24F.d.363CFEECD2FB771B15DCCEA742158B62.e.236}]\nCapabilities {acceptInsecureCerts: false, browserName: chrome, browserVersion: 124.0.6367.60, chrome: {chromedriverVersion: 124.0.6367.60 (8771130bd84f..., userDataDir: C:\\Users\\ASWIN~1.MOO\\AppDat...}, fedcm:accounts: true, goog:chromeOptions: {debuggerAddress: localhost:64347}, networkConnectionEnabled: false, pageLoadStrategy: normal, platformName: windows, proxy: Proxy(), se:cdp: ws://localhost:64347/devtoo..., se:cdpVersion: 124.0.6367.60, setWindowRect: true, strictFileInteractability: false, timeouts: {implicit: 0, pageLoad: 300000, script: 30000}, unhandledPromptBehavior: dismiss and notify, webauthn:extension:credBlob: true, webauthn:extension:largeBlob: true, webauthn:extension:minPinLength: true, webauthn:extension:prf: true, webauthn:virtualAuthenticators: true}\nElement: [[ChromeDriver: chrome on windows (b02faa5f68c7ded3864e07e4b24be4ac)] -> xpath: (//div[contains(@class,'MuiFormControl-root MuiFormControl-fullWidth')]//div)[3]]\nSession ID: b02faa5f68c7ded3864e07e4b24be4ac\r\n\tat java.base/jdk.internal.reflect.NativeConstructorAccessorImpl.newInstance0(Native Method)\r\n\tat java.base/jdk.internal.reflect.NativeConstructorAccessorImpl.newInstance(NativeConstructorAccessorImpl.java:62)\r\n\tat java.base/jdk.internal.reflect.DelegatingConstructorAccessorImpl.newInstance(DelegatingConstructorAccessorImpl.java:45)\r\n\tat java.base/java.lang.reflect.Constructor.newInstance(Constructor.java:490)\r\n\tat org.openqa.selenium.remote.codec.w3c.W3CHttpResponseCodec.createException(W3CHttpResponseCodec.java:185)\r\n\tat org.openqa.selenium.remote.codec.w3c.W3CHttpResponseCodec.decode(W3CHttpResponseCodec.java:134)\r\n\tat org.openqa.selenium.remote.codec.w3c.W3CHttpResponseCodec.decode(W3CHttpResponseCodec.java:51)\r\n\tat org.openqa.selenium.remote.HttpCommandExecutor.execute(HttpCommandExecutor.java:190)\r\n\tat org.openqa.selenium.remote.service.DriverCommandExecutor.invokeExecute(DriverCommandExecutor.java:216)\r\n\tat org.openqa.selenium.remote.service.DriverCommandExecutor.execute(DriverCommandExecutor.java:174)\r\n\tat org.openqa.selenium.remote.RemoteWebDriver.execute(RemoteWebDriver.java:519)\r\n\tat org.openqa.selenium.remote.RemoteWebElement.execute(RemoteWebElement.java:223)\r\n\tat org.openqa.selenium.remote.RemoteWebElement.sendKeys(RemoteWebElement.java:110)\r\n\tat jdk.internal.reflect.GeneratedMethodAccessor1.invoke(Unknown Source)\r\n\tat java.base/jdk.internal.reflect.DelegatingMethodAccessorImpl.invoke(DelegatingMethodAccessorImpl.java:43)\r\n\tat java.base/java.lang.reflect.Method.invoke(Method.java:566)\r\n\tat org.openqa.selenium.support.pagefactory.internal.LocatingElementHandler.invoke(LocatingElementHandler.java:51)\r\n\tat com.sun.proxy.$Proxy19.sendKeys(Unknown Source)\r\n\tat com.utils.Baseclass.passText(Baseclass.java:65)\r\n\tat com.pageobject.MyProjects.duplicateProjectName(MyProjects.java:293)\r\n\tat com.stepDefinitions.MyProjectsStepDefinition.the_user_selects_a_project_to_clone_and_clicks_the_clone_project(MyProjectsStepDefinition.java:124)\r\n\tat ✽.the user selects a project to Clone and clicks the clone project(file:///C:/Users/aswin.moorthy/Automation/PNLP_E2E/src/test/resources/features/PNLP_MyProjects.feature:35)\r\n"},"stage":"finished","steps":[],"attachments":[],"parameters":[],"start":1713873842667,"stop":1713873844607},{"name":"Then  a copy of the project should be created","status":"skipped","statusDetails":{"known":false,"muted":false,"flaky":false},"stage":"finished","steps":[],"attachments":[],"parameters":[],"start":1713873844607,"stop":1713873844612},{"name":"And  the copy should appear in the projects list","status":"skipped","statusDetails":{"known":false,"muted":false,"flaky":false},"stage":"finished","steps":[],"attachments":[],"parameters":[],"start":1713873844612,"stop":1713873844612}],"attachments":[],"parameters":[],"start":1713873788789,"stop":1713873844652,"uuid":"8818dab5-57da-41e4-95c9-8742eda3daef","historyId":"d43d8d0ec343d28975f1938f642010a4","fullName":"Project Management in My Projects Page: View Existing,Create,edit,Add Collaborator Projects","labels":[{"name":"tag","value":"Myprojects"},{"name":"host","value":"CS-LP-923"},{"name":"thread","value":"33176@CS-LP-923.main(1)"},{"name":"feature","value":"Project Management in My Projects Page"},{"name":"story","value":"View Existing,Create,edit,Add Collaborator Projects"},{"name":"suite","value":"Project Management in My Projects Page"},{"name":"testClass","value":"View Existing,Create,edit,Add Collaborator Projects"},{"name":"framework","value":"cucumber4jvm"},{"name":"language","value":"java"},{"name":"gherkin_uri","value":"file:///C:/Users/aswin.moorthy/Automation/PNLP_E2E/src/test/resources/features/PNLP_MyProjects.feature"},{"name":"package","value":"src.test.resources.features.PNLP_MyProjects_feature.Project Management in My Projects Page"}],"links":[]}