{"name":"viewExisting,createProject,editProject,addCollaboratorOnProjects,cloneProject","status":"broken","statusDetails":{"known":false,"muted":false,"flaky":false,"message":"element not interactable\n  (Session info: chrome=124.0.6367.61)\nBuild info: version: '4.17.0', revision: 'e52b1be057*'\nSystem info: os.name: 'Windows 11', os.arch: 'amd64', os.version: '10.0', java.version: '11.0.20'\nDriver info: org.openqa.selenium.chrome.ChromeDriver\nCommand: [b9ecb51cdf7fb20f81fccce53c4f675f, sendKeysToElement {value=[Ljava.lang.CharSequence;@1201769d, id=f.74E1EF8F6CCB43639341E97B830FE50C.d.7DE912AB6055090C95EDCB5625004266.e.174}]\nCapabilities {acceptInsecureCerts: false, browserName: chrome, browserVersion: 124.0.6367.61, chrome: {chromedriverVersion: 124.0.6367.78 (a087f2dd364d..., userDataDir: C:\\Users\\ASWIN~1.MOO\\AppDat...}, fedcm:accounts: true, goog:chromeOptions: {debuggerAddress: localhost:65232}, networkConnectionEnabled: false, pageLoadStrategy: normal, platformName: windows, proxy: Proxy(), se:cdp: ws://localhost:65232/devtoo..., se:cdpVersion: 124.0.6367.61, setWindowRect: true, strictFileInteractability: false, timeouts: {implicit: 0, pageLoad: 300000, script: 30000}, unhandledPromptBehavior: dismiss and notify, webauthn:extension:credBlob: true, webauthn:extension:largeBlob: true, webauthn:extension:minPinLength: true, webauthn:extension:prf: true, webauthn:virtualAuthenticators: true}\nElement: [[ChromeDriver: chrome on windows (b9ecb51cdf7fb20f81fccce53c4f675f)] -> xpath: //div[contains(@class,'MuiInputBase')]/input[contains(@id,'outlined')]]\nSession ID: b9ecb51cdf7fb20f81fccce53c4f675f","trace":"org.openqa.selenium.ElementNotInteractableException: element not interactable\n  (Session info: chrome=124.0.6367.61)\nBuild info: version: '4.17.0', revision: 'e52b1be057*'\nSystem info: os.name: 'Windows 11', os.arch: 'amd64', os.version: '10.0', java.version: '11.0.20'\nDriver info: org.openqa.selenium.chrome.ChromeDriver\nCommand: [b9ecb51cdf7fb20f81fccce53c4f675f, sendKeysToElement {value=[Ljava.lang.CharSequence;@1201769d, id=f.74E1EF8F6CCB43639341E97B830FE50C.d.7DE912AB6055090C95EDCB5625004266.e.174}]\nCapabilities {acceptInsecureCerts: false, browserName: chrome, browserVersion: 124.0.6367.61, chrome: {chromedriverVersion: 124.0.6367.78 (a087f2dd364d..., userDataDir: C:\\Users\\ASWIN~1.MOO\\AppDat...}, fedcm:accounts: true, goog:chromeOptions: {debuggerAddress: localhost:65232}, networkConnectionEnabled: false, pageLoadStrategy: normal, platformName: windows, proxy: Proxy(), se:cdp: ws://localhost:65232/devtoo..., se:cdpVersion: 124.0.6367.61, setWindowRect: true, strictFileInteractability: false, timeouts: {implicit: 0, pageLoad: 300000, script: 30000}, unhandledPromptBehavior: dismiss and notify, webauthn:extension:credBlob: true, webauthn:extension:largeBlob: true, webauthn:extension:minPinLength: true, webauthn:extension:prf: true, webauthn:virtualAuthenticators: true}\nElement: [[ChromeDriver: chrome on windows (b9ecb51cdf7fb20f81fccce53c4f675f)] -> xpath: //div[contains(@class,'MuiInputBase')]/input[contains(@id,'outlined')]]\nSession ID: b9ecb51cdf7fb20f81fccce53c4f675f\r\n\tat java.base/jdk.internal.reflect.NativeConstructorAccessorImpl.newInstance0(Native Method)\r\n\tat java.base/jdk.internal.reflect.NativeConstructorAccessorImpl.newInstance(NativeConstructorAccessorImpl.java:62)\r\n\tat java.base/jdk.internal.reflect.DelegatingConstructorAccessorImpl.newInstance(DelegatingConstructorAccessorImpl.java:45)\r\n\tat java.base/java.lang.reflect.Constructor.newInstance(Constructor.java:490)\r\n\tat org.openqa.selenium.remote.codec.w3c.W3CHttpResponseCodec.createException(W3CHttpResponseCodec.java:185)\r\n\tat org.openqa.selenium.remote.codec.w3c.W3CHttpResponseCodec.decode(W3CHttpResponseCodec.java:134)\r\n\tat org.openqa.selenium.remote.codec.w3c.W3CHttpResponseCodec.decode(W3CHttpResponseCodec.java:51)\r\n\tat org.openqa.selenium.remote.HttpCommandExecutor.execute(HttpCommandExecutor.java:190)\r\n\tat org.openqa.selenium.remote.service.DriverCommandExecutor.invokeExecute(DriverCommandExecutor.java:216)\r\n\tat org.openqa.selenium.remote.service.DriverCommandExecutor.execute(DriverCommandExecutor.java:174)\r\n\tat org.openqa.selenium.remote.RemoteWebDriver.execute(RemoteWebDriver.java:519)\r\n\tat org.openqa.selenium.remote.RemoteWebElement.execute(RemoteWebElement.java:223)\r\n\tat org.openqa.selenium.remote.RemoteWebElement.sendKeys(RemoteWebElement.java:110)\r\n\tat jdk.internal.reflect.GeneratedMethodAccessor1.invoke(Unknown Source)\r\n\tat java.base/jdk.internal.reflect.DelegatingMethodAccessorImpl.invoke(DelegatingMethodAccessorImpl.java:43)\r\n\tat java.base/java.lang.reflect.Method.invoke(Method.java:566)\r\n\tat org.openqa.selenium.support.pagefactory.internal.LocatingElementHandler.invoke(LocatingElementHandler.java:51)\r\n\tat com.sun.proxy.$Proxy20.sendKeys(Unknown Source)\r\n\tat com.utils.Baseclass.passText(Baseclass.java:68)\r\n\tat com.pageobject.MyProjects.searchFilter(MyProjects.java:318)\r\n\tat com.stepDefinitions.MyProjectsStepDefinition.the_copy_should_appear_in_the_projects_list(MyProjectsStepDefinition.java:138)\r\n\tat ✽.the copy should appear in the projects list(file:///C:/Users/aswin.moorthy/Automation/PNLP_E2E/src/test/resources/features/PNLP_MyProjects.feature:37)\r\n"},"stage":"finished","steps":[{"name":"Given  User lauch the PharmaNLP application","status":"passed","statusDetails":{"known":false,"muted":false,"flaky":false},"stage":"finished","steps":[],"attachments":[],"parameters":[],"start":1714021156943,"stop":1714021161699},{"name":"Then  The logo should occur","status":"passed","statusDetails":{"known":false,"muted":false,"flaky":false},"stage":"finished","steps":[],"attachments":[],"parameters":[],"start":1714021161701,"stop":1714021163065},{"name":"When  User login with valid username and password","status":"passed","statusDetails":{"known":false,"muted":false,"flaky":false},"stage":"finished","steps":[],"attachments":[],"parameters":[],"start":1714021163065,"stop":1714021167726},{"name":"Given  the user is on the My Projects page","status":"passed","statusDetails":{"known":false,"muted":false,"flaky":false},"stage":"finished","steps":[],"attachments":[],"parameters":[],"start":1714021167726,"stop":1714021170997},{"name":"Then  the user should see a list of existing projects","status":"passed","statusDetails":{"known":false,"muted":false,"flaky":false},"stage":"finished","steps":[],"attachments":[],"parameters":[],"start":1714021170997,"stop":1714021171653},{"name":"And  click on Add Project button","status":"passed","statusDetails":{"known":false,"muted":false,"flaky":false},"stage":"finished","steps":[],"attachments":[],"parameters":[],"start":1714021171653,"stop":1714021171888},{"name":"Given  the user is on the Create Project screen","status":"passed","statusDetails":{"known":false,"muted":false,"flaky":false},"stage":"finished","steps":[],"attachments":[],"parameters":[],"start":1714021171888,"stop":1714021173662},{"name":"When  the user fills in all required fields with valid data","status":"passed","statusDetails":{"known":false,"muted":false,"flaky":false},"stage":"finished","steps":[],"attachments":[],"parameters":[],"start":1714021173662,"stop":1714021175629},{"name":"And  clicks on the create button","status":"passed","statusDetails":{"known":false,"muted":false,"flaky":false},"stage":"finished","steps":[],"attachments":[],"parameters":[],"start":1714021175629,"stop":1714021175867},{"name":"Then  the project should be successfully saved","status":"passed","statusDetails":{"known":false,"muted":false,"flaky":false},"stage":"finished","steps":[],"attachments":[],"parameters":[],"start":1714021175867,"stop":1714021182929},{"name":"And  the user should be redirected to the My Projects page","status":"passed","statusDetails":{"known":false,"muted":false,"flaky":false},"stage":"finished","steps":[],"attachments":[],"parameters":[],"start":1714021182929,"stop":1714021183023},{"name":"And  the new project should be visible in the projects list","status":"passed","statusDetails":{"known":false,"muted":false,"flaky":false},"stage":"finished","steps":[],"attachments":[],"parameters":[],"start":1714021183023,"stop":1714021183123},{"name":"Given  the user is on the My Projects page","status":"passed","statusDetails":{"known":false,"muted":false,"flaky":false},"stage":"finished","steps":[],"attachments":[],"parameters":[],"start":1714021183123,"stop":1714021183233},{"name":"And  clicks on the edit button for the selected project","status":"passed","statusDetails":{"known":false,"muted":false,"flaky":false},"stage":"finished","steps":[],"attachments":[],"parameters":[],"start":1714021183233,"stop":1714021183533},{"name":"When  the user navigates to the Edit Project screen and modifies the project details with valid data","status":"passed","statusDetails":{"known":false,"muted":false,"flaky":false},"stage":"finished","steps":[],"attachments":[],"parameters":[],"start":1714021183533,"stop":1714021188513},{"name":"And  clicks on the save changes button","status":"passed","statusDetails":{"known":false,"muted":false,"flaky":false},"stage":"finished","steps":[],"attachments":[],"parameters":[],"start":1714021188513,"stop":1714021188769},{"name":"Then  the project should be successfully updated","status":"passed","statusDetails":{"known":false,"muted":false,"flaky":false},"stage":"finished","steps":[],"attachments":[],"parameters":[],"start":1714021188769,"stop":1714021190800},{"name":"Given  the user is on the My Projects screen","status":"passed","statusDetails":{"known":false,"muted":false,"flaky":false},"stage":"finished","steps":[],"attachments":[],"parameters":[],"start":1714021190800,"stop":1714021195913},{"name":"When  the user selects a project to Add collaborators","status":"passed","statusDetails":{"known":false,"muted":false,"flaky":false},"stage":"finished","steps":[],"attachments":[],"parameters":[],"start":1714021195913,"stop":1714021196313},{"name":"And  makes changes to the collaborators list","status":"passed","statusDetails":{"known":false,"muted":false,"flaky":false},"stage":"finished","steps":[],"attachments":[],"parameters":[],"start":1714021196313,"stop":1714021198683},{"name":"And  clicks on the Save button","status":"passed","statusDetails":{"known":false,"muted":false,"flaky":false},"stage":"finished","steps":[],"attachments":[],"parameters":[],"start":1714021198683,"stop":1714021198958},{"name":"Then  the collaborators for the project should be successfully updated","status":"passed","statusDetails":{"known":false,"muted":false,"flaky":false},"stage":"finished","steps":[],"attachments":[],"parameters":[],"start":1714021198958,"stop":1714021205120},{"name":"When  the user selects a project to Clone and clicks the clone project","status":"passed","statusDetails":{"known":false,"muted":false,"flaky":false},"stage":"finished","steps":[],"attachments":[],"parameters":[],"start":1714021205120,"stop":1714021206675},{"name":"Then  a copy of the project should be created","status":"passed","statusDetails":{"known":false,"muted":false,"flaky":false},"stage":"finished","steps":[],"attachments":[],"parameters":[],"start":1714021206675,"stop":1714021207942},{"name":"And  the copy should appear in the projects list","status":"broken","statusDetails":{"known":false,"muted":false,"flaky":false,"message":"element not interactable\n  (Session info: chrome=124.0.6367.61)\nBuild info: version: '4.17.0', revision: 'e52b1be057*'\nSystem info: os.name: 'Windows 11', os.arch: 'amd64', os.version: '10.0', java.version: '11.0.20'\nDriver info: org.openqa.selenium.chrome.ChromeDriver\nCommand: [b9ecb51cdf7fb20f81fccce53c4f675f, sendKeysToElement {value=[Ljava.lang.CharSequence;@1201769d, id=f.74E1EF8F6CCB43639341E97B830FE50C.d.7DE912AB6055090C95EDCB5625004266.e.174}]\nCapabilities {acceptInsecureCerts: false, browserName: chrome, browserVersion: 124.0.6367.61, chrome: {chromedriverVersion: 124.0.6367.78 (a087f2dd364d..., userDataDir: C:\\Users\\ASWIN~1.MOO\\AppDat...}, fedcm:accounts: true, goog:chromeOptions: {debuggerAddress: localhost:65232}, networkConnectionEnabled: false, pageLoadStrategy: normal, platformName: windows, proxy: Proxy(), se:cdp: ws://localhost:65232/devtoo..., se:cdpVersion: 124.0.6367.61, setWindowRect: true, strictFileInteractability: false, timeouts: {implicit: 0, pageLoad: 300000, script: 30000}, unhandledPromptBehavior: dismiss and notify, webauthn:extension:credBlob: true, webauthn:extension:largeBlob: true, webauthn:extension:minPinLength: true, webauthn:extension:prf: true, webauthn:virtualAuthenticators: true}\nElement: [[ChromeDriver: chrome on windows (b9ecb51cdf7fb20f81fccce53c4f675f)] -> xpath: //div[contains(@class,'MuiInputBase')]/input[contains(@id,'outlined')]]\nSession ID: b9ecb51cdf7fb20f81fccce53c4f675f","trace":"org.openqa.selenium.ElementNotInteractableException: element not interactable\n  (Session info: chrome=124.0.6367.61)\nBuild info: version: '4.17.0', revision: 'e52b1be057*'\nSystem info: os.name: 'Windows 11', os.arch: 'amd64', os.version: '10.0', java.version: '11.0.20'\nDriver info: org.openqa.selenium.chrome.ChromeDriver\nCommand: [b9ecb51cdf7fb20f81fccce53c4f675f, sendKeysToElement {value=[Ljava.lang.CharSequence;@1201769d, id=f.74E1EF8F6CCB43639341E97B830FE50C.d.7DE912AB6055090C95EDCB5625004266.e.174}]\nCapabilities {acceptInsecureCerts: false, browserName: chrome, browserVersion: 124.0.6367.61, chrome: {chromedriverVersion: 124.0.6367.78 (a087f2dd364d..., userDataDir: C:\\Users\\ASWIN~1.MOO\\AppDat...}, fedcm:accounts: true, goog:chromeOptions: {debuggerAddress: localhost:65232}, networkConnectionEnabled: false, pageLoadStrategy: normal, platformName: windows, proxy: Proxy(), se:cdp: ws://localhost:65232/devtoo..., se:cdpVersion: 124.0.6367.61, setWindowRect: true, strictFileInteractability: false, timeouts: {implicit: 0, pageLoad: 300000, script: 30000}, unhandledPromptBehavior: dismiss and notify, webauthn:extension:credBlob: true, webauthn:extension:largeBlob: true, webauthn:extension:minPinLength: true, webauthn:extension:prf: true, webauthn:virtualAuthenticators: true}\nElement: [[ChromeDriver: chrome on windows (b9ecb51cdf7fb20f81fccce53c4f675f)] -> xpath: //div[contains(@class,'MuiInputBase')]/input[contains(@id,'outlined')]]\nSession ID: b9ecb51cdf7fb20f81fccce53c4f675f\r\n\tat java.base/jdk.internal.reflect.NativeConstructorAccessorImpl.newInstance0(Native Method)\r\n\tat java.base/jdk.internal.reflect.NativeConstructorAccessorImpl.newInstance(NativeConstructorAccessorImpl.java:62)\r\n\tat java.base/jdk.internal.reflect.DelegatingConstructorAccessorImpl.newInstance(DelegatingConstructorAccessorImpl.java:45)\r\n\tat java.base/java.lang.reflect.Constructor.newInstance(Constructor.java:490)\r\n\tat org.openqa.selenium.remote.codec.w3c.W3CHttpResponseCodec.createException(W3CHttpResponseCodec.java:185)\r\n\tat org.openqa.selenium.remote.codec.w3c.W3CHttpResponseCodec.decode(W3CHttpResponseCodec.java:134)\r\n\tat org.openqa.selenium.remote.codec.w3c.W3CHttpResponseCodec.decode(W3CHttpResponseCodec.java:51)\r\n\tat org.openqa.selenium.remote.HttpCommandExecutor.execute(HttpCommandExecutor.java:190)\r\n\tat org.openqa.selenium.remote.service.DriverCommandExecutor.invokeExecute(DriverCommandExecutor.java:216)\r\n\tat org.openqa.selenium.remote.service.DriverCommandExecutor.execute(DriverCommandExecutor.java:174)\r\n\tat org.openqa.selenium.remote.RemoteWebDriver.execute(RemoteWebDriver.java:519)\r\n\tat org.openqa.selenium.remote.RemoteWebElement.execute(RemoteWebElement.java:223)\r\n\tat org.openqa.selenium.remote.RemoteWebElement.sendKeys(RemoteWebElement.java:110)\r\n\tat jdk.internal.reflect.GeneratedMethodAccessor1.invoke(Unknown Source)\r\n\tat java.base/jdk.internal.reflect.DelegatingMethodAccessorImpl.invoke(DelegatingMethodAccessorImpl.java:43)\r\n\tat java.base/java.lang.reflect.Method.invoke(Method.java:566)\r\n\tat org.openqa.selenium.support.pagefactory.internal.LocatingElementHandler.invoke(LocatingElementHandler.java:51)\r\n\tat com.sun.proxy.$Proxy20.sendKeys(Unknown Source)\r\n\tat com.utils.Baseclass.passText(Baseclass.java:68)\r\n\tat com.pageobject.MyProjects.searchFilter(MyProjects.java:318)\r\n\tat com.stepDefinitions.MyProjectsStepDefinition.the_copy_should_appear_in_the_projects_list(MyProjectsStepDefinition.java:138)\r\n\tat ✽.the copy should appear in the projects list(file:///C:/Users/aswin.moorthy/Automation/PNLP_E2E/src/test/resources/features/PNLP_MyProjects.feature:37)\r\n"},"stage":"finished","steps":[],"attachments":[],"parameters":[],"start":1714021207943,"stop":1714021213656}],"attachments":[],"parameters":[],"start":1714021153921,"stop":1714021213665,"uuid":"bf4f4359-e110-420c-acea-0847ef982741","historyId":"d43d8d0ec343d28975f1938f642010a4","fullName":"Project Management in My Projects Page: viewExisting,createProject,editProject,addCollaboratorOnProjects,cloneProject","labels":[{"name":"tag","value":"Myprojects"},{"name":"host","value":"CS-LP-923"},{"name":"thread","value":"25384@CS-LP-923.main(1)"},{"name":"feature","value":"Project Management in My Projects Page"},{"name":"story","value":"viewExisting,createProject,editProject,addCollaboratorOnProjects,cloneProject"},{"name":"suite","value":"Project Management in My Projects Page"},{"name":"testClass","value":"viewExisting,createProject,editProject,addCollaboratorOnProjects,cloneProject"},{"name":"framework","value":"cucumber4jvm"},{"name":"language","value":"java"},{"name":"gherkin_uri","value":"file:///C:/Users/aswin.moorthy/Automation/PNLP_E2E/src/test/resources/features/PNLP_MyProjects.feature"},{"name":"package","value":"src.test.resources.features.PNLP_MyProjects_feature.Project Management in My Projects Page"}],"links":[]}